2020-06-16 03:10:50,587 INFO  [log]      !!!!!..........The Project Starts From Here..........!!!!!     
2020-06-16 03:10:52,420 INFO  [log] Bearer 58fcd6f2495b6da538deb71eb0e957e5259ade3b
2020-06-16 03:10:53,317 INFO  [log] Bearer 001a9afe5d21c33dfd9021abb5d2b2399e9e4b9e
2020-06-16 03:10:53,951 INFO  [log] [HTTP/1.1 200 OK]
2020-06-16 03:10:55,171 INFO  [log] Bearer afb47f5aa21575664a41770ab5dd6541370ae2f2
2020-06-16 03:10:56,288 INFO  [log] [HTTP/1.1 200 OK]
2020-06-16 03:10:59,005 INFO  [log] 
2020-06-16 03:11:00,603 INFO  [log] Bearer 180e1897e9d34bf7cde6fd4c40c771debabe0dba
2020-06-16 03:11:01,565 INFO  [log] Samir${=String.valueOf(Math.random()*1000).substring(0,5)}
2020-06-16 03:11:01,567 INFO  [log] IPhone_ 1
2020-06-16 03:11:01,572 INFO  [log] 1
2020-06-16 03:11:01,573 INFO  [log] 10000
2020-06-16 03:11:01,574 INFO  [log] IPhone  1
2020-06-16 03:11:01,574 INFO  [log] Iphone_ 1
2020-06-16 03:11:01,575 INFO  [log] Samir${=String.valueOf(Math.random()*1000).substring(0,5)}
2020-06-16 03:11:01,576 INFO  [log] IPhone_ 2
2020-06-16 03:11:01,578 INFO  [log] 2
2020-06-16 03:11:01,578 INFO  [log] 20000
2020-06-16 03:11:01,580 INFO  [log] IPhone  2
2020-06-16 03:11:01,580 INFO  [log] Iphone_ 2
2020-06-16 03:11:01,581 INFO  [log] Samir${=String.valueOf(Math.random()*1000).substring(0,5)}
2020-06-16 03:11:01,582 INFO  [log] IPhone_ 3
2020-06-16 03:11:01,582 INFO  [log] 3
2020-06-16 03:11:01,583 INFO  [log] 30000
2020-06-16 03:11:01,584 INFO  [log] IPhone  3
2020-06-16 03:11:01,585 INFO  [log] Iphone_ 3
2020-06-16 03:11:01,586 INFO  [log] Samir${=String.valueOf(Math.random()*1000).substring(0,5)}
2020-06-16 03:11:01,588 INFO  [log] IPhone_ 4
2020-06-16 03:11:01,589 INFO  [log] 4
2020-06-16 03:11:01,591 INFO  [log] 40000
2020-06-16 03:11:01,591 INFO  [log] IPhone  4
2020-06-16 03:11:01,592 INFO  [log] Iphone_ 4
2020-06-16 03:11:01,592 INFO  [log] Samir${=String.valueOf(Math.random()*1000).substring(0,5)}
2020-06-16 03:11:01,593 INFO  [log] IPhone_ 5
2020-06-16 03:11:01,594 INFO  [log] 5
2020-06-16 03:11:01,594 INFO  [log] 50000
2020-06-16 03:11:01,595 INFO  [log] IPhone  5
2020-06-16 03:11:01,596 INFO  [log] Iphone_ 5
2020-06-16 03:11:01,596 INFO  [log] Samir${=String.valueOf(Math.random()*1000).substring(0,5)}
2020-06-16 03:11:01,599 INFO  [log] IPhone_ 6
2020-06-16 03:11:01,600 INFO  [log] 1
2020-06-16 03:11:01,602 INFO  [log] 60000
2020-06-16 03:11:01,603 INFO  [log] IPhone  6
2020-06-16 03:11:01,603 INFO  [log] Iphone_ 6
2020-06-16 03:11:01,605 INFO  [log] Samir${=String.valueOf(Math.random()*1000).substring(0,5)}
2020-06-16 03:11:01,606 INFO  [log] IPhone_ 7
2020-06-16 03:11:01,607 INFO  [log] 2
2020-06-16 03:11:01,607 INFO  [log] 70000
2020-06-16 03:11:01,610 INFO  [log] IPhone  7
2020-06-16 03:11:01,611 INFO  [log] Iphone_ 7
2020-06-16 03:11:01,613 INFO  [log] Samir${=String.valueOf(Math.random()*1000).substring(0,5)}
2020-06-16 03:11:01,614 INFO  [log] IPhone_ 8
2020-06-16 03:11:01,614 INFO  [log] 3
2020-06-16 03:11:01,615 INFO  [log] 80000
2020-06-16 03:11:01,616 INFO  [log] IPhone  8
2020-06-16 03:11:01,617 INFO  [log] Iphone_ 8
2020-06-16 03:11:01,618 INFO  [log] Samir${=String.valueOf(Math.random()*1000).substring(0,5)}
2020-06-16 03:11:01,618 INFO  [log] IPhone_ 9
2020-06-16 03:11:01,619 INFO  [log] 4
2020-06-16 03:11:01,622 INFO  [log] 90000
2020-06-16 03:11:01,622 INFO  [log] IPhone  9
2020-06-16 03:11:01,624 INFO  [log] Iphone_ 9
2020-06-16 03:11:01,626 INFO  [log] Samir${=String.valueOf(Math.random()*1000).substring(0,5)}
2020-06-16 03:11:01,627 INFO  [log] IPhone_ 10
2020-06-16 03:11:01,628 INFO  [log] 5
2020-06-16 03:11:01,629 INFO  [log] 100000
2020-06-16 03:11:01,630 INFO  [log] IPhone  10
2020-06-16 03:11:01,632 INFO  [log] Iphone_ 10
2020-06-16 03:11:02,219 INFO  [log] [HTTP/1.1 200 OK]
2020-06-16 03:11:03,156 INFO  [log] Bearer 48e2f50fca8771b58025162ef5aee2a51c0a3ecb
2020-06-16 03:11:06,177 INFO  [log] [HTTP/1.1 200 OK]
2020-06-16 03:11:06,298 INFO  [log]      !!!!!..........The Project Ends Here..........!!!!!     
2020-06-16 03:13:35,895 INFO  [log]      !!!!!..........The Project Starts From Here..........!!!!!     
2020-06-16 03:13:37,680 INFO  [log] Bearer 9d815525f742c73810a811c9015edaeaced5992a
2020-06-16 03:13:38,413 INFO  [log] Bearer 8be07b575dd700600e0241918a29a365bc4b050d
2020-06-16 03:13:39,194 INFO  [log] [HTTP/1.1 200 OK]
2020-06-16 03:13:41,398 INFO  [log] Bearer 7c5c3a4dcbc07cb642fb10944f7927cac5a57759
2020-06-16 03:13:42,486 INFO  [log] [HTTP/1.1 200 OK]
2020-06-16 03:13:45,881 INFO  [log] 
2020-06-16 03:13:47,782 INFO  [log] Bearer 1a3cf23f190aa455652bd0020d6903a725923d1b
2020-06-16 03:13:48,670 INFO  [log] Samir${=String.valueOf(Math.random()*1000).substring(0,5)}
2020-06-16 03:13:48,671 INFO  [log] IPhone_ 1
2020-06-16 03:13:48,676 INFO  [log] 1
2020-06-16 03:13:48,677 INFO  [log] 10000
2020-06-16 03:13:48,678 INFO  [log] IPhone  1
2020-06-16 03:13:48,678 INFO  [log] Iphone_ 1
2020-06-16 03:13:48,679 INFO  [log] Samir${=String.valueOf(Math.random()*1000).substring(0,5)}
2020-06-16 03:13:48,679 INFO  [log] IPhone_ 2
2020-06-16 03:13:48,682 INFO  [log] 2
2020-06-16 03:13:48,682 INFO  [log] 20000
2020-06-16 03:13:48,685 INFO  [log] IPhone  2
2020-06-16 03:13:48,685 INFO  [log] Iphone_ 2
2020-06-16 03:13:48,686 INFO  [log] Samir${=String.valueOf(Math.random()*1000).substring(0,5)}
2020-06-16 03:13:48,687 INFO  [log] IPhone_ 3
2020-06-16 03:13:48,687 INFO  [log] 3
2020-06-16 03:13:48,689 INFO  [log] 30000
2020-06-16 03:13:48,691 INFO  [log] IPhone  3
2020-06-16 03:13:48,693 INFO  [log] Iphone_ 3
2020-06-16 03:13:48,694 INFO  [log] Samir${=String.valueOf(Math.random()*1000).substring(0,5)}
2020-06-16 03:13:48,696 INFO  [log] IPhone_ 4
2020-06-16 03:13:48,697 INFO  [log] 4
2020-06-16 03:13:48,698 INFO  [log] 40000
2020-06-16 03:13:48,698 INFO  [log] IPhone  4
2020-06-16 03:13:48,699 INFO  [log] Iphone_ 4
2020-06-16 03:13:48,699 INFO  [log] Samir${=String.valueOf(Math.random()*1000).substring(0,5)}
2020-06-16 03:13:48,700 INFO  [log] IPhone_ 5
2020-06-16 03:13:48,701 INFO  [log] 5
2020-06-16 03:13:48,702 INFO  [log] 50000
2020-06-16 03:13:48,704 INFO  [log] IPhone  5
2020-06-16 03:13:48,704 INFO  [log] Iphone_ 5
2020-06-16 03:13:48,707 INFO  [log] Samir${=String.valueOf(Math.random()*1000).substring(0,5)}
2020-06-16 03:13:48,708 INFO  [log] IPhone_ 6
2020-06-16 03:13:48,708 INFO  [log] 1
2020-06-16 03:13:48,709 INFO  [log] 60000
2020-06-16 03:13:48,710 INFO  [log] IPhone  6
2020-06-16 03:13:48,711 INFO  [log] Iphone_ 6
2020-06-16 03:13:48,711 INFO  [log] Samir${=String.valueOf(Math.random()*1000).substring(0,5)}
2020-06-16 03:13:48,713 INFO  [log] IPhone_ 7
2020-06-16 03:13:48,715 INFO  [log] 2
2020-06-16 03:13:48,718 INFO  [log] 70000
2020-06-16 03:13:48,719 INFO  [log] IPhone  7
2020-06-16 03:13:48,719 INFO  [log] Iphone_ 7
2020-06-16 03:13:48,720 INFO  [log] Samir${=String.valueOf(Math.random()*1000).substring(0,5)}
2020-06-16 03:13:48,721 INFO  [log] IPhone_ 8
2020-06-16 03:13:48,722 INFO  [log] 3
2020-06-16 03:13:48,722 INFO  [log] 80000
2020-06-16 03:13:48,723 INFO  [log] IPhone  8
2020-06-16 03:13:48,725 INFO  [log] Iphone_ 8
2020-06-16 03:13:48,726 INFO  [log] Samir${=String.valueOf(Math.random()*1000).substring(0,5)}
2020-06-16 03:13:48,729 INFO  [log] IPhone_ 9
2020-06-16 03:13:48,729 INFO  [log] 4
2020-06-16 03:13:48,730 INFO  [log] 90000
2020-06-16 03:13:48,730 INFO  [log] IPhone  9
2020-06-16 03:13:48,731 INFO  [log] Iphone_ 9
2020-06-16 03:13:48,732 INFO  [log] Samir${=String.valueOf(Math.random()*1000).substring(0,5)}
2020-06-16 03:13:48,732 INFO  [log] IPhone_ 10
2020-06-16 03:13:48,735 INFO  [log] 5
2020-06-16 03:13:48,735 INFO  [log] 100000
2020-06-16 03:13:48,738 INFO  [log] IPhone  10
2020-06-16 03:13:48,739 INFO  [log] Iphone_ 10
2020-06-16 03:13:49,221 INFO  [log] [HTTP/1.1 200 OK]
2020-06-16 03:13:49,942 INFO  [log] Bearer f81d39f7673be3d2443a7ce92d46c942085673ef
2020-06-16 03:13:53,437 INFO  [log] [HTTP/1.1 200 OK]
2020-06-16 03:13:53,531 INFO  [log]      !!!!!..........The Project Ends Here..........!!!!!     
2020-06-16 03:16:33,263 INFO  [log]      !!!!!..........The Project Starts From Here..........!!!!!     
2020-06-16 03:16:34,577 INFO  [log] Bearer 4040497d7a8945f04813ec8a4703e328668873bd
2020-06-16 03:16:35,763 INFO  [log] Bearer 5db78e1d2cbd63a5363fd6eaeb565d4ff4e9604c
2020-06-16 03:16:36,419 INFO  [log] [HTTP/1.1 200 OK]
2020-06-16 03:16:37,777 INFO  [log] Bearer 109cf847ca18860f0af4f4004e29e99e05c993b1
2020-06-16 03:16:38,873 INFO  [log] [HTTP/1.1 200 OK]
2020-06-16 03:16:43,391 INFO  [log] 
2020-06-16 03:16:45,740 INFO  [log] Bearer 1f57d8f0feed5a40ed6560bc536805b5d9c2b04b
2020-06-16 03:16:46,672 INFO  [log] Samir${=String.valueOf(Math.random()*1000).substring(0,5)}
2020-06-16 03:16:46,677 INFO  [log] IPhone_ 1
2020-06-16 03:16:46,686 INFO  [log] 1
2020-06-16 03:16:46,688 INFO  [log] 10000
2020-06-16 03:16:46,695 INFO  [log] IPhone  1
2020-06-16 03:16:46,697 INFO  [log] Iphone_ 1
2020-06-16 03:16:46,698 INFO  [log] Samir${=String.valueOf(Math.random()*1000).substring(0,5)}
2020-06-16 03:16:46,703 INFO  [log] IPhone_ 2
2020-06-16 03:16:46,706 INFO  [log] 2
2020-06-16 03:16:46,707 INFO  [log] 20000
2020-06-16 03:16:46,709 INFO  [log] IPhone  2
2020-06-16 03:16:46,711 INFO  [log] Iphone_ 2
2020-06-16 03:16:46,713 INFO  [log] Samir${=String.valueOf(Math.random()*1000).substring(0,5)}
2020-06-16 03:16:46,714 INFO  [log] IPhone_ 3
2020-06-16 03:16:46,715 INFO  [log] 3
2020-06-16 03:16:46,718 INFO  [log] 30000
2020-06-16 03:16:46,720 INFO  [log] IPhone  3
2020-06-16 03:16:46,721 INFO  [log] Iphone_ 3
2020-06-16 03:16:46,723 INFO  [log] Samir${=String.valueOf(Math.random()*1000).substring(0,5)}
2020-06-16 03:16:46,725 INFO  [log] IPhone_ 4
2020-06-16 03:16:46,727 INFO  [log] 4
2020-06-16 03:16:46,730 INFO  [log] 40000
2020-06-16 03:16:46,734 INFO  [log] IPhone  4
2020-06-16 03:16:46,739 INFO  [log] Iphone_ 4
2020-06-16 03:16:46,741 INFO  [log] Samir${=String.valueOf(Math.random()*1000).substring(0,5)}
2020-06-16 03:16:46,745 INFO  [log] IPhone_ 5
2020-06-16 03:16:46,745 INFO  [log] 5
2020-06-16 03:16:46,745 INFO  [log] 50000
2020-06-16 03:16:46,746 INFO  [log] IPhone  5
2020-06-16 03:16:46,749 INFO  [log] Iphone_ 5
2020-06-16 03:16:46,749 INFO  [log] Samir${=String.valueOf(Math.random()*1000).substring(0,5)}
2020-06-16 03:16:46,755 INFO  [log] IPhone_ 6
2020-06-16 03:16:46,758 INFO  [log] 1
2020-06-16 03:16:46,760 INFO  [log] 60000
2020-06-16 03:16:46,760 INFO  [log] IPhone  6
2020-06-16 03:16:46,763 INFO  [log] Iphone_ 6
2020-06-16 03:16:46,764 INFO  [log] Samir${=String.valueOf(Math.random()*1000).substring(0,5)}
2020-06-16 03:16:46,765 INFO  [log] IPhone_ 7
2020-06-16 03:16:46,766 INFO  [log] 2
2020-06-16 03:16:46,767 INFO  [log] 70000
2020-06-16 03:16:46,767 INFO  [log] IPhone  7
2020-06-16 03:16:46,768 INFO  [log] Iphone_ 7
2020-06-16 03:16:46,771 INFO  [log] Samir${=String.valueOf(Math.random()*1000).substring(0,5)}
2020-06-16 03:16:46,775 INFO  [log] IPhone_ 8
2020-06-16 03:16:46,776 INFO  [log] 3
2020-06-16 03:16:46,778 INFO  [log] 80000
2020-06-16 03:16:46,781 INFO  [log] IPhone  8
2020-06-16 03:16:46,781 INFO  [log] Iphone_ 8
2020-06-16 03:16:46,784 INFO  [log] Samir${=String.valueOf(Math.random()*1000).substring(0,5)}
2020-06-16 03:16:46,785 INFO  [log] IPhone_ 9
2020-06-16 03:16:46,786 INFO  [log] 4
2020-06-16 03:16:46,787 INFO  [log] 90000
2020-06-16 03:16:46,787 INFO  [log] IPhone  9
2020-06-16 03:16:46,788 INFO  [log] Iphone_ 9
2020-06-16 03:16:46,789 INFO  [log] Samir${=String.valueOf(Math.random()*1000).substring(0,5)}
2020-06-16 03:16:46,791 INFO  [log] IPhone_ 10
2020-06-16 03:16:46,792 INFO  [log] 5
2020-06-16 03:16:46,796 INFO  [log] 100000
2020-06-16 03:16:46,797 INFO  [log] IPhone  10
2020-06-16 03:16:46,799 INFO  [log] Iphone_ 10
2020-06-16 03:16:47,096 INFO  [log] [HTTP/1.1 200 OK]
2020-06-16 03:16:47,643 INFO  [log] Bearer f867f2d29a645b49903121c2d633aa479e0e00f7
2020-06-16 03:16:50,287 INFO  [log] [HTTP/1.1 200 OK]
2020-06-16 03:16:50,392 INFO  [log]      !!!!!..........The Project Ends Here..........!!!!!     
2020-06-16 03:21:32,757 INFO  [log]      !!!!!..........The Project Starts From Here..........!!!!!     
2020-06-16 03:21:34,653 INFO  [log] Bearer 26beea005daf7211acf262f9c226723b6179da22
2020-06-16 03:21:35,682 INFO  [log] Bearer aeb1abf8f8a6a8d8e3d1b51f91ba450a9807cfb0
2020-06-16 03:21:36,241 INFO  [log] [HTTP/1.1 200 OK]
2020-06-16 03:21:37,538 INFO  [log] Bearer f1dd11b061f837b8b21a820213c56665dce0f915
2020-06-16 03:21:39,322 INFO  [log] [HTTP/1.1 200 OK]
2020-06-16 03:21:45,362 INFO  [log] 
2020-06-16 03:21:47,334 INFO  [log] Bearer 33c912f842ce804d2f2dd121ab0d09a3e50f5374
2020-06-16 03:21:48,597 INFO  [log] Samir${=String.valueOf(Math.random()*1000).substring(0,5)}
2020-06-16 03:21:48,601 INFO  [log] IPhone_ 1
2020-06-16 03:21:48,612 INFO  [log] 1
2020-06-16 03:21:48,615 INFO  [log] 10000
2020-06-16 03:21:48,618 INFO  [log] IPhone  1
2020-06-16 03:21:48,623 INFO  [log] Iphone_ 1
2020-06-16 03:21:48,627 INFO  [log] Samir${=String.valueOf(Math.random()*1000).substring(0,5)}
2020-06-16 03:21:48,633 INFO  [log] IPhone_ 2
2020-06-16 03:21:48,634 INFO  [log] 2
2020-06-16 03:21:48,642 INFO  [log] 20000
2020-06-16 03:21:48,644 INFO  [log] IPhone  2
2020-06-16 03:21:48,645 INFO  [log] Iphone_ 2
2020-06-16 03:21:48,646 INFO  [log] Samir${=String.valueOf(Math.random()*1000).substring(0,5)}
2020-06-16 03:21:48,647 INFO  [log] IPhone_ 3
2020-06-16 03:21:48,649 INFO  [log] 3
2020-06-16 03:21:48,650 INFO  [log] 30000
2020-06-16 03:21:48,663 INFO  [log] IPhone  3
2020-06-16 03:21:48,666 INFO  [log] Iphone_ 3
2020-06-16 03:21:48,667 INFO  [log] Samir${=String.valueOf(Math.random()*1000).substring(0,5)}
2020-06-16 03:21:48,674 INFO  [log] IPhone_ 4
2020-06-16 03:21:48,678 INFO  [log] 4
2020-06-16 03:21:48,685 INFO  [log] 40000
2020-06-16 03:21:48,686 INFO  [log] IPhone  4
2020-06-16 03:21:48,690 INFO  [log] Iphone_ 4
2020-06-16 03:21:48,696 INFO  [log] Samir${=String.valueOf(Math.random()*1000).substring(0,5)}
2020-06-16 03:21:48,698 INFO  [log] IPhone_ 5
2020-06-16 03:21:48,704 INFO  [log] 5
2020-06-16 03:21:48,705 INFO  [log] 50000
2020-06-16 03:21:48,711 INFO  [log] IPhone  5
2020-06-16 03:21:48,712 INFO  [log] Iphone_ 5
2020-06-16 03:21:48,717 INFO  [log] Samir${=String.valueOf(Math.random()*1000).substring(0,5)}
2020-06-16 03:21:48,726 INFO  [log] IPhone_ 6
2020-06-16 03:21:48,729 INFO  [log] 1
2020-06-16 03:21:48,736 INFO  [log] 60000
2020-06-16 03:21:48,737 INFO  [log] IPhone  6
2020-06-16 03:21:48,742 INFO  [log] Iphone_ 6
2020-06-16 03:21:48,748 INFO  [log] Samir${=String.valueOf(Math.random()*1000).substring(0,5)}
2020-06-16 03:21:48,749 INFO  [log] IPhone_ 7
2020-06-16 03:21:48,754 INFO  [log] 2
2020-06-16 03:21:48,755 INFO  [log] 70000
2020-06-16 03:21:48,761 INFO  [log] IPhone  7
2020-06-16 03:21:48,762 INFO  [log] Iphone_ 7
2020-06-16 03:21:48,767 INFO  [log] Samir${=String.valueOf(Math.random()*1000).substring(0,5)}
2020-06-16 03:21:48,768 INFO  [log] IPhone_ 8
2020-06-16 03:21:48,774 INFO  [log] 3
2020-06-16 03:21:48,779 INFO  [log] 80000
2020-06-16 03:21:48,779 INFO  [log] IPhone  8
2020-06-16 03:21:48,787 INFO  [log] Iphone_ 8
2020-06-16 03:21:48,792 INFO  [log] Samir${=String.valueOf(Math.random()*1000).substring(0,5)}
2020-06-16 03:21:48,798 INFO  [log] IPhone_ 9
2020-06-16 03:21:48,803 INFO  [log] 4
2020-06-16 03:21:48,810 INFO  [log] 90000
2020-06-16 03:21:48,811 INFO  [log] IPhone  9
2020-06-16 03:21:48,816 INFO  [log] Iphone_ 9
2020-06-16 03:21:48,823 INFO  [log] Samir${=String.valueOf(Math.random()*1000).substring(0,5)}
2020-06-16 03:21:48,828 INFO  [log] IPhone_ 10
2020-06-16 03:21:48,829 INFO  [log] 5
2020-06-16 03:21:48,835 INFO  [log] 100000
2020-06-16 03:21:48,840 INFO  [log] IPhone  10
2020-06-16 03:21:48,841 INFO  [log] Iphone_ 10
2020-06-16 03:21:49,175 INFO  [log] [HTTP/1.1 200 OK]
2020-06-16 03:21:49,800 INFO  [log] Bearer 9dd40e8144dffd9976e238a989f7b3f96831364d
2020-06-16 03:21:54,457 INFO  [log] [HTTP/1.1 200 OK]
2020-06-16 03:21:54,692 INFO  [log]      !!!!!..........The Project Ends Here..........!!!!!     
2020-06-16 03:25:51,077 INFO  [log]      !!!!!..........The Project Starts From Here..........!!!!!     
2020-06-16 03:25:52,786 INFO  [log] Bearer 0b77980e2e04f5db55b22c22c8b8db584c756b8d
2020-06-16 03:25:53,758 INFO  [log] Bearer 86ca38c5848c7398eae36a26ca1d7acca08ff118
2020-06-16 03:25:54,350 INFO  [log] [HTTP/1.1 200 OK]
2020-06-16 03:25:55,618 INFO  [log] Bearer f96c0d277ee5cde5c7c6cd3d41804edf782627d3
2020-06-16 03:25:56,721 INFO  [log] [HTTP/1.1 200 OK]
2020-06-16 03:26:00,359 INFO  [log] 
2020-06-16 03:26:00,975 INFO  [log] Bearer 4756696d0049163432ab905584b0ff4a3c076d0c
2020-06-16 03:26:02,050 INFO  [log] Samir${=String.valueOf(Math.random()*1000).substring(0,5)}
2020-06-16 03:26:02,052 INFO  [log] IPhone_ 1
2020-06-16 03:26:02,057 INFO  [log] 1
2020-06-16 03:26:02,058 INFO  [log] 10000
2020-06-16 03:26:02,059 INFO  [log] IPhone  1
2020-06-16 03:26:02,060 INFO  [log] Iphone_ 1
2020-06-16 03:26:02,062 INFO  [log] Samir${=String.valueOf(Math.random()*1000).substring(0,5)}
2020-06-16 03:26:02,063 INFO  [log] IPhone_ 2
2020-06-16 03:26:02,067 INFO  [log] 2
2020-06-16 03:26:02,068 INFO  [log] 20000
2020-06-16 03:26:02,069 INFO  [log] IPhone  2
2020-06-16 03:26:02,070 INFO  [log] Iphone_ 2
2020-06-16 03:26:02,070 INFO  [log] Samir${=String.valueOf(Math.random()*1000).substring(0,5)}
2020-06-16 03:26:02,071 INFO  [log] IPhone_ 3
2020-06-16 03:26:02,074 INFO  [log] 3
2020-06-16 03:26:02,077 INFO  [log] 30000
2020-06-16 03:26:02,078 INFO  [log] IPhone  3
2020-06-16 03:26:02,079 INFO  [log] Iphone_ 3
2020-06-16 03:26:02,079 INFO  [log] Samir${=String.valueOf(Math.random()*1000).substring(0,5)}
2020-06-16 03:26:02,080 INFO  [log] IPhone_ 4
2020-06-16 03:26:02,081 INFO  [log] 4
2020-06-16 03:26:02,082 INFO  [log] 40000
2020-06-16 03:26:02,086 INFO  [log] IPhone  4
2020-06-16 03:26:02,090 INFO  [log] Iphone_ 4
2020-06-16 03:26:02,090 INFO  [log] Samir${=String.valueOf(Math.random()*1000).substring(0,5)}
2020-06-16 03:26:02,091 INFO  [log] IPhone_ 5
2020-06-16 03:26:02,092 INFO  [log] 5
2020-06-16 03:26:02,093 INFO  [log] 50000
2020-06-16 03:26:02,096 INFO  [log] IPhone  5
2020-06-16 03:26:02,099 INFO  [log] Iphone_ 5
2020-06-16 03:26:02,100 INFO  [log] Samir${=String.valueOf(Math.random()*1000).substring(0,5)}
2020-06-16 03:26:02,101 INFO  [log] IPhone_ 6
2020-06-16 03:26:02,102 INFO  [log] 1
2020-06-16 03:26:02,102 INFO  [log] 60000
2020-06-16 03:26:02,103 INFO  [log] IPhone  6
2020-06-16 03:26:02,107 INFO  [log] Iphone_ 6
2020-06-16 03:26:02,110 INFO  [log] Samir${=String.valueOf(Math.random()*1000).substring(0,5)}
2020-06-16 03:26:02,111 INFO  [log] IPhone_ 7
2020-06-16 03:26:02,112 INFO  [log] 2
2020-06-16 03:26:02,113 INFO  [log] 70000
2020-06-16 03:26:02,114 INFO  [log] IPhone  7
2020-06-16 03:26:02,117 INFO  [log] Iphone_ 7
2020-06-16 03:26:02,118 INFO  [log] Samir${=String.valueOf(Math.random()*1000).substring(0,5)}
2020-06-16 03:26:02,121 INFO  [log] IPhone_ 8
2020-06-16 03:26:02,121 INFO  [log] 3
2020-06-16 03:26:02,122 INFO  [log] 80000
2020-06-16 03:26:02,123 INFO  [log] IPhone  8
2020-06-16 03:26:02,124 INFO  [log] Iphone_ 8
2020-06-16 03:26:02,125 INFO  [log] Samir${=String.valueOf(Math.random()*1000).substring(0,5)}
2020-06-16 03:26:02,131 INFO  [log] IPhone_ 9
2020-06-16 03:26:02,132 INFO  [log] 4
2020-06-16 03:26:02,133 INFO  [log] 90000
2020-06-16 03:26:02,133 INFO  [log] IPhone  9
2020-06-16 03:26:02,134 INFO  [log] Iphone_ 9
2020-06-16 03:26:02,135 INFO  [log] Samir${=String.valueOf(Math.random()*1000).substring(0,5)}
2020-06-16 03:26:02,136 INFO  [log] IPhone_ 10
2020-06-16 03:26:02,139 INFO  [log] 5
2020-06-16 03:26:02,142 INFO  [log] 100000
2020-06-16 03:26:02,142 INFO  [log] IPhone  10
2020-06-16 03:26:02,143 INFO  [log] Iphone_ 10
2020-06-16 03:26:02,466 INFO  [log] [HTTP/1.1 200 OK]
2020-06-16 03:26:03,244 INFO  [log] Bearer b565c725054d6c0a8d582ecd7ebd571ae02b63e0
2020-06-16 03:26:06,508 INFO  [log] [HTTP/1.1 200 OK]
2020-06-16 03:26:06,613 INFO  [log]      !!!!!..........The Project Ends Here..........!!!!!     
