2020-06-16 03:25:41,536 WARN  [SoapUI] Missing folder [C:\Users\SamirVashista\Desktop\Project\REST_Project\ext] for external libraries
2020-06-16 03:25:41,752 INFO  [DefaultSoapUICore] initialized soapui-settings from [C:\Users\SamirVashista\soapui-settings.xml]
2020-06-16 03:25:44,522 INFO  [PluginManager] Adding plugin from [C:\Users\SamirVashista\.soapuios\plugins\ready-mqtt-plugin-dist.jar]
2020-06-16 03:25:44,522 INFO  [PluginManager] Adding plugin from [C:\Users\SamirVashista\.soapuios\plugins\soapui-swagger-plugin-2.2-dist.jar]
2020-06-16 03:25:45,678 ERROR [SoapUI] An error occurred [com.eviware.soapui.plugins.auto.factories.AutoDiscoveryMethodFactory], see error log for details
2020-06-16 03:25:45,681 ERROR [errorlog] java.lang.ClassNotFoundException: com.eviware.soapui.plugins.auto.factories.AutoDiscoveryMethodFactory
java.lang.ClassNotFoundException: com.eviware.soapui.plugins.auto.factories.AutoDiscoveryMethodFactory
	at org.codehaus.plexus.classworlds.strategy.SelfFirstStrategy.loadClass(SelfFirstStrategy.java:50)
	at org.codehaus.plexus.classworlds.realm.ClassRealm.unsynchronizedLoadClass(ClassRealm.java:271)
	at org.codehaus.plexus.classworlds.realm.ClassRealm.loadClass(ClassRealm.java:247)
	at org.codehaus.plexus.classworlds.realm.ClassRealm.loadClass(ClassRealm.java:239)
	at java.lang.Class.forName0(Native Method)
	at java.lang.Class.forName(Class.java:264)
	at com.eviware.soapui.plugins.LoaderBase.loadAutoFactories(LoaderBase.java:113)
	at com.eviware.soapui.plugins.LoaderBase.loadFactories(LoaderBase.java:80)
	at com.eviware.soapui.plugins.PluginLoader.loadPluginFactories(PluginLoader.java:141)
	at com.eviware.soapui.plugins.PluginLoader.loadPlugin(PluginLoader.java:104)
	at com.eviware.soapui.plugins.PluginLoader.loadPlugin(PluginLoader.java:54)
	at com.eviware.soapui.plugins.PluginManager.doInstallPlugin(PluginManager.java:141)
	at com.eviware.soapui.plugins.PluginManager.access$600(PluginManager.java:43)
	at com.eviware.soapui.plugins.PluginManager$LoadPluginsTask.computeSequentially(PluginManager.java:420)
	at com.eviware.soapui.plugins.PluginManager$LoadPluginsTask.compute(PluginManager.java:377)
	at com.eviware.soapui.plugins.PluginManager$LoadPluginsTask.compute(PluginManager.java:382)
	at com.eviware.soapui.plugins.PluginManager$LoadPluginsTask.compute(PluginManager.java:365)
	at java.util.concurrent.RecursiveTask.exec(RecursiveTask.java:94)
	at java.util.concurrent.ForkJoinTask.doExec(ForkJoinTask.java:289)
	at java.util.concurrent.ForkJoinPool$WorkQueue.runTask(ForkJoinPool.java:1056)
	at java.util.concurrent.ForkJoinPool.runWorker(ForkJoinPool.java:1692)
	at java.util.concurrent.ForkJoinWorkerThread.run(ForkJoinWorkerThread.java:157)
2020-06-16 03:25:45,801 ERROR [SoapUI] An error occurred [com.eviware.soapui.plugins.auto.factories.AutoImportMethodFactory], see error log for details
2020-06-16 03:25:45,803 ERROR [errorlog] java.lang.ClassNotFoundException: com.eviware.soapui.plugins.auto.factories.AutoImportMethodFactory
java.lang.ClassNotFoundException: com.eviware.soapui.plugins.auto.factories.AutoImportMethodFactory
	at org.codehaus.plexus.classworlds.strategy.SelfFirstStrategy.loadClass(SelfFirstStrategy.java:50)
	at org.codehaus.plexus.classworlds.realm.ClassRealm.unsynchronizedLoadClass(ClassRealm.java:271)
	at org.codehaus.plexus.classworlds.realm.ClassRealm.loadClass(ClassRealm.java:247)
	at org.codehaus.plexus.classworlds.realm.ClassRealm.loadClass(ClassRealm.java:239)
	at java.lang.Class.forName0(Native Method)
	at java.lang.Class.forName(Class.java:264)
	at com.eviware.soapui.plugins.LoaderBase.loadAutoFactories(LoaderBase.java:113)
	at com.eviware.soapui.plugins.LoaderBase.loadFactories(LoaderBase.java:80)
	at com.eviware.soapui.plugins.PluginLoader.loadPluginFactories(PluginLoader.java:141)
	at com.eviware.soapui.plugins.PluginLoader.loadPlugin(PluginLoader.java:104)
	at com.eviware.soapui.plugins.PluginLoader.loadPlugin(PluginLoader.java:54)
	at com.eviware.soapui.plugins.PluginManager.doInstallPlugin(PluginManager.java:141)
	at com.eviware.soapui.plugins.PluginManager.access$600(PluginManager.java:43)
	at com.eviware.soapui.plugins.PluginManager$LoadPluginsTask.computeSequentially(PluginManager.java:420)
	at com.eviware.soapui.plugins.PluginManager$LoadPluginsTask.compute(PluginManager.java:377)
	at com.eviware.soapui.plugins.PluginManager$LoadPluginsTask.compute(PluginManager.java:382)
	at com.eviware.soapui.plugins.PluginManager$LoadPluginsTask.compute(PluginManager.java:365)
	at java.util.concurrent.RecursiveTask.exec(RecursiveTask.java:94)
	at java.util.concurrent.ForkJoinTask.doExec(ForkJoinTask.java:289)
	at java.util.concurrent.ForkJoinPool$WorkQueue.runTask(ForkJoinPool.java:1056)
	at java.util.concurrent.ForkJoinPool.runWorker(ForkJoinPool.java:1692)
	at java.util.concurrent.ForkJoinWorkerThread.run(ForkJoinWorkerThread.java:157)
2020-06-16 03:25:45,910 INFO  [PluginManager] Adding plugin from [C:\Users\SamirVashista\.soapuios\plugins\ready-uxm-plugin-1.0.1-dist.jar]
2020-06-16 03:25:45,931 ERROR [SoapUI] An error occurred [com.eviware.soapui.plugins.auto.factories.AutoDiscoveryMethodFactory], see error log for details
2020-06-16 03:25:45,932 ERROR [errorlog] java.lang.ClassNotFoundException: com.eviware.soapui.plugins.auto.factories.AutoDiscoveryMethodFactory
java.lang.ClassNotFoundException: com.eviware.soapui.plugins.auto.factories.AutoDiscoveryMethodFactory
	at org.codehaus.plexus.classworlds.strategy.SelfFirstStrategy.loadClass(SelfFirstStrategy.java:50)
	at org.codehaus.plexus.classworlds.realm.ClassRealm.unsynchronizedLoadClass(ClassRealm.java:271)
	at org.codehaus.plexus.classworlds.realm.ClassRealm.loadClass(ClassRealm.java:247)
	at org.codehaus.plexus.classworlds.realm.ClassRealm.loadClass(ClassRealm.java:239)
	at java.lang.Class.forName0(Native Method)
	at java.lang.Class.forName(Class.java:264)
	at com.eviware.soapui.plugins.LoaderBase.loadAutoFactories(LoaderBase.java:113)
	at com.eviware.soapui.plugins.LoaderBase.loadFactories(LoaderBase.java:80)
	at com.eviware.soapui.plugins.PluginLoader.loadPluginFactories(PluginLoader.java:141)
	at com.eviware.soapui.plugins.PluginLoader.loadPlugin(PluginLoader.java:104)
	at com.eviware.soapui.plugins.PluginLoader.loadPlugin(PluginLoader.java:54)
	at com.eviware.soapui.plugins.PluginManager.doInstallPlugin(PluginManager.java:141)
	at com.eviware.soapui.plugins.PluginManager.access$600(PluginManager.java:43)
	at com.eviware.soapui.plugins.PluginManager$LoadPluginsTask.computeSequentially(PluginManager.java:420)
	at com.eviware.soapui.plugins.PluginManager$LoadPluginsTask.compute(PluginManager.java:377)
	at com.eviware.soapui.plugins.PluginManager$LoadPluginsTask.compute(PluginManager.java:365)
	at java.util.concurrent.RecursiveTask.exec(RecursiveTask.java:94)
	at java.util.concurrent.ForkJoinTask.doExec(ForkJoinTask.java:289)
	at java.util.concurrent.ForkJoinPool$WorkQueue.runTask(ForkJoinPool.java:1056)
	at java.util.concurrent.ForkJoinPool.runWorker(ForkJoinPool.java:1692)
	at java.util.concurrent.ForkJoinWorkerThread.run(ForkJoinWorkerThread.java:157)
2020-06-16 03:25:46,039 ERROR [SoapUI] An error occurred [com.eviware.soapui.plugins.auto.factories.AutoImportMethodFactory], see error log for details
2020-06-16 03:25:46,041 ERROR [errorlog] java.lang.ClassNotFoundException: com.eviware.soapui.plugins.auto.factories.AutoImportMethodFactory
java.lang.ClassNotFoundException: com.eviware.soapui.plugins.auto.factories.AutoImportMethodFactory
	at org.codehaus.plexus.classworlds.strategy.SelfFirstStrategy.loadClass(SelfFirstStrategy.java:50)
	at org.codehaus.plexus.classworlds.realm.ClassRealm.unsynchronizedLoadClass(ClassRealm.java:271)
	at org.codehaus.plexus.classworlds.realm.ClassRealm.loadClass(ClassRealm.java:247)
	at org.codehaus.plexus.classworlds.realm.ClassRealm.loadClass(ClassRealm.java:239)
	at java.lang.Class.forName0(Native Method)
	at java.lang.Class.forName(Class.java:264)
	at com.eviware.soapui.plugins.LoaderBase.loadAutoFactories(LoaderBase.java:113)
	at com.eviware.soapui.plugins.LoaderBase.loadFactories(LoaderBase.java:80)
	at com.eviware.soapui.plugins.PluginLoader.loadPluginFactories(PluginLoader.java:141)
	at com.eviware.soapui.plugins.PluginLoader.loadPlugin(PluginLoader.java:104)
	at com.eviware.soapui.plugins.PluginLoader.loadPlugin(PluginLoader.java:54)
	at com.eviware.soapui.plugins.PluginManager.doInstallPlugin(PluginManager.java:141)
	at com.eviware.soapui.plugins.PluginManager.access$600(PluginManager.java:43)
	at com.eviware.soapui.plugins.PluginManager$LoadPluginsTask.computeSequentially(PluginManager.java:420)
	at com.eviware.soapui.plugins.PluginManager$LoadPluginsTask.compute(PluginManager.java:377)
	at com.eviware.soapui.plugins.PluginManager$LoadPluginsTask.compute(PluginManager.java:365)
	at java.util.concurrent.RecursiveTask.exec(RecursiveTask.java:94)
	at java.util.concurrent.ForkJoinTask.doExec(ForkJoinTask.java:289)
	at java.util.concurrent.ForkJoinPool$WorkQueue.runTask(ForkJoinPool.java:1056)
	at java.util.concurrent.ForkJoinPool.runWorker(ForkJoinPool.java:1692)
	at java.util.concurrent.ForkJoinWorkerThread.run(ForkJoinWorkerThread.java:157)
2020-06-16 03:25:46,153 INFO  [PluginManager] Adding plugin from [C:\Users\SamirVashista\.soapuios\plugins\readyapi-postman-1.0.1.jar]
2020-06-16 03:25:47,196 ERROR [SoapUI] An error occurred [com.eviware.soapui.plugins.auto.factories.AutoDiscoveryMethodFactory], see error log for details
2020-06-16 03:25:47,196 ERROR [errorlog] java.lang.ClassNotFoundException: com.eviware.soapui.plugins.auto.factories.AutoDiscoveryMethodFactory
java.lang.ClassNotFoundException: com.eviware.soapui.plugins.auto.factories.AutoDiscoveryMethodFactory
	at org.codehaus.plexus.classworlds.strategy.SelfFirstStrategy.loadClass(SelfFirstStrategy.java:50)
	at org.codehaus.plexus.classworlds.realm.ClassRealm.unsynchronizedLoadClass(ClassRealm.java:271)
	at org.codehaus.plexus.classworlds.realm.ClassRealm.loadClass(ClassRealm.java:247)
	at org.codehaus.plexus.classworlds.realm.ClassRealm.loadClass(ClassRealm.java:239)
	at java.lang.Class.forName0(Native Method)
	at java.lang.Class.forName(Class.java:264)
	at com.eviware.soapui.plugins.LoaderBase.loadAutoFactories(LoaderBase.java:113)
	at com.eviware.soapui.plugins.LoaderBase.loadFactories(LoaderBase.java:80)
	at com.eviware.soapui.plugins.PluginLoader.loadPluginFactories(PluginLoader.java:141)
	at com.eviware.soapui.plugins.PluginLoader.loadPlugin(PluginLoader.java:104)
	at com.eviware.soapui.plugins.PluginLoader.loadPlugin(PluginLoader.java:54)
	at com.eviware.soapui.plugins.PluginManager.doInstallPlugin(PluginManager.java:141)
	at com.eviware.soapui.plugins.PluginManager.access$600(PluginManager.java:43)
	at com.eviware.soapui.plugins.PluginManager$LoadPluginsTask.computeSequentially(PluginManager.java:420)
	at com.eviware.soapui.plugins.PluginManager$LoadPluginsTask.compute(PluginManager.java:377)
	at com.eviware.soapui.plugins.PluginManager$LoadPluginsTask.compute(PluginManager.java:365)
	at java.util.concurrent.RecursiveTask.exec(RecursiveTask.java:94)
	at java.util.concurrent.ForkJoinTask.doExec(ForkJoinTask.java:289)
	at java.util.concurrent.ForkJoinPool$WorkQueue.runTask(ForkJoinPool.java:1056)
	at java.util.concurrent.ForkJoinPool.runWorker(ForkJoinPool.java:1692)
	at java.util.concurrent.ForkJoinWorkerThread.run(ForkJoinWorkerThread.java:157)
2020-06-16 03:25:47,263 ERROR [SoapUI] An error occurred [com.eviware.soapui.plugins.auto.factories.AutoDiscoveryMethodFactory], see error log for details
2020-06-16 03:25:47,265 ERROR [errorlog] java.lang.ClassNotFoundException: com.eviware.soapui.plugins.auto.factories.AutoDiscoveryMethodFactory
java.lang.ClassNotFoundException: com.eviware.soapui.plugins.auto.factories.AutoDiscoveryMethodFactory
	at org.codehaus.plexus.classworlds.strategy.SelfFirstStrategy.loadClass(SelfFirstStrategy.java:50)
	at org.codehaus.plexus.classworlds.realm.ClassRealm.unsynchronizedLoadClass(ClassRealm.java:271)
	at org.codehaus.plexus.classworlds.realm.ClassRealm.loadClass(ClassRealm.java:247)
	at org.codehaus.plexus.classworlds.realm.ClassRealm.loadClass(ClassRealm.java:239)
	at java.lang.Class.forName0(Native Method)
	at java.lang.Class.forName(Class.java:264)
	at com.eviware.soapui.plugins.LoaderBase.loadAutoFactories(LoaderBase.java:113)
	at com.eviware.soapui.plugins.LoaderBase.loadFactories(LoaderBase.java:80)
	at com.eviware.soapui.plugins.PluginLoader.loadPluginFactories(PluginLoader.java:141)
	at com.eviware.soapui.plugins.PluginLoader.loadPlugin(PluginLoader.java:104)
	at com.eviware.soapui.plugins.PluginLoader.loadPlugin(PluginLoader.java:54)
	at com.eviware.soapui.plugins.PluginManager.doInstallPlugin(PluginManager.java:141)
	at com.eviware.soapui.plugins.PluginManager.access$600(PluginManager.java:43)
	at com.eviware.soapui.plugins.PluginManager$LoadPluginsTask.computeSequentially(PluginManager.java:420)
	at com.eviware.soapui.plugins.PluginManager$LoadPluginsTask.compute(PluginManager.java:377)
	at com.eviware.soapui.plugins.PluginManager$LoadPluginsTask.compute(PluginManager.java:382)
	at com.eviware.soapui.plugins.PluginManager$LoadPluginsTask.compute(PluginManager.java:365)
	at java.util.concurrent.RecursiveTask.exec(RecursiveTask.java:94)
	at java.util.concurrent.ForkJoinTask.doExec(ForkJoinTask.java:289)
	at java.util.concurrent.ForkJoinPool$WorkQueue.runTask(ForkJoinPool.java:1056)
	at java.util.concurrent.ForkJoinPool.runWorker(ForkJoinPool.java:1692)
	at java.util.concurrent.ForkJoinWorkerThread.run(ForkJoinWorkerThread.java:157)
2020-06-16 03:25:47,287 ERROR [SoapUI] An error occurred [com.eviware.soapui.plugins.auto.factories.AutoImportMethodFactory], see error log for details
2020-06-16 03:25:47,291 ERROR [errorlog] java.lang.ClassNotFoundException: com.eviware.soapui.plugins.auto.factories.AutoImportMethodFactory
java.lang.ClassNotFoundException: com.eviware.soapui.plugins.auto.factories.AutoImportMethodFactory
	at org.codehaus.plexus.classworlds.strategy.SelfFirstStrategy.loadClass(SelfFirstStrategy.java:50)
	at org.codehaus.plexus.classworlds.realm.ClassRealm.unsynchronizedLoadClass(ClassRealm.java:271)
	at org.codehaus.plexus.classworlds.realm.ClassRealm.loadClass(ClassRealm.java:247)
	at org.codehaus.plexus.classworlds.realm.ClassRealm.loadClass(ClassRealm.java:239)
	at java.lang.Class.forName0(Native Method)
	at java.lang.Class.forName(Class.java:264)
	at com.eviware.soapui.plugins.LoaderBase.loadAutoFactories(LoaderBase.java:113)
	at com.eviware.soapui.plugins.LoaderBase.loadFactories(LoaderBase.java:80)
	at com.eviware.soapui.plugins.PluginLoader.loadPluginFactories(PluginLoader.java:141)
	at com.eviware.soapui.plugins.PluginLoader.loadPlugin(PluginLoader.java:104)
	at com.eviware.soapui.plugins.PluginLoader.loadPlugin(PluginLoader.java:54)
	at com.eviware.soapui.plugins.PluginManager.doInstallPlugin(PluginManager.java:141)
	at com.eviware.soapui.plugins.PluginManager.access$600(PluginManager.java:43)
	at com.eviware.soapui.plugins.PluginManager$LoadPluginsTask.computeSequentially(PluginManager.java:420)
	at com.eviware.soapui.plugins.PluginManager$LoadPluginsTask.compute(PluginManager.java:377)
	at com.eviware.soapui.plugins.PluginManager$LoadPluginsTask.compute(PluginManager.java:365)
	at java.util.concurrent.RecursiveTask.exec(RecursiveTask.java:94)
	at java.util.concurrent.ForkJoinTask.doExec(ForkJoinTask.java:289)
	at java.util.concurrent.ForkJoinPool$WorkQueue.runTask(ForkJoinPool.java:1056)
	at java.util.concurrent.ForkJoinPool.runWorker(ForkJoinPool.java:1692)
	at java.util.concurrent.ForkJoinWorkerThread.run(ForkJoinWorkerThread.java:157)
2020-06-16 03:25:47,369 ERROR [SoapUI] An error occurred [com.eviware.soapui.plugins.auto.factories.AutoImportMethodFactory], see error log for details
2020-06-16 03:25:47,371 ERROR [errorlog] java.lang.ClassNotFoundException: com.eviware.soapui.plugins.auto.factories.AutoImportMethodFactory
java.lang.ClassNotFoundException: com.eviware.soapui.plugins.auto.factories.AutoImportMethodFactory
	at org.codehaus.plexus.classworlds.strategy.SelfFirstStrategy.loadClass(SelfFirstStrategy.java:50)
	at org.codehaus.plexus.classworlds.realm.ClassRealm.unsynchronizedLoadClass(ClassRealm.java:271)
	at org.codehaus.plexus.classworlds.realm.ClassRealm.loadClass(ClassRealm.java:247)
	at org.codehaus.plexus.classworlds.realm.ClassRealm.loadClass(ClassRealm.java:239)
	at java.lang.Class.forName0(Native Method)
	at java.lang.Class.forName(Class.java:264)
	at com.eviware.soapui.plugins.LoaderBase.loadAutoFactories(LoaderBase.java:113)
	at com.eviware.soapui.plugins.LoaderBase.loadFactories(LoaderBase.java:80)
	at com.eviware.soapui.plugins.PluginLoader.loadPluginFactories(PluginLoader.java:141)
	at com.eviware.soapui.plugins.PluginLoader.loadPlugin(PluginLoader.java:104)
	at com.eviware.soapui.plugins.PluginLoader.loadPlugin(PluginLoader.java:54)
	at com.eviware.soapui.plugins.PluginManager.doInstallPlugin(PluginManager.java:141)
	at com.eviware.soapui.plugins.PluginManager.access$600(PluginManager.java:43)
	at com.eviware.soapui.plugins.PluginManager$LoadPluginsTask.computeSequentially(PluginManager.java:420)
	at com.eviware.soapui.plugins.PluginManager$LoadPluginsTask.compute(PluginManager.java:377)
	at com.eviware.soapui.plugins.PluginManager$LoadPluginsTask.compute(PluginManager.java:382)
	at com.eviware.soapui.plugins.PluginManager$LoadPluginsTask.compute(PluginManager.java:365)
	at java.util.concurrent.RecursiveTask.exec(RecursiveTask.java:94)
	at java.util.concurrent.ForkJoinTask.doExec(ForkJoinTask.java:289)
	at java.util.concurrent.ForkJoinPool$WorkQueue.runTask(ForkJoinPool.java:1056)
	at java.util.concurrent.ForkJoinPool.runWorker(ForkJoinPool.java:1692)
	at java.util.concurrent.ForkJoinWorkerThread.run(ForkJoinWorkerThread.java:157)
2020-06-16 03:25:47,522 INFO  [PluginManager] Adding plugin from [C:\Users\SamirVashista\.soapuios\plugins\readyapi-swaggerhub-plugin-1.0.jar]
2020-06-16 03:25:48,263 ERROR [SoapUI] An error occurred [com.eviware.soapui.plugins.auto.factories.AutoDiscoveryMethodFactory], see error log for details
2020-06-16 03:25:48,264 ERROR [errorlog] java.lang.ClassNotFoundException: com.eviware.soapui.plugins.auto.factories.AutoDiscoveryMethodFactory
java.lang.ClassNotFoundException: com.eviware.soapui.plugins.auto.factories.AutoDiscoveryMethodFactory
	at org.codehaus.plexus.classworlds.strategy.SelfFirstStrategy.loadClass(SelfFirstStrategy.java:50)
	at org.codehaus.plexus.classworlds.realm.ClassRealm.unsynchronizedLoadClass(ClassRealm.java:271)
	at org.codehaus.plexus.classworlds.realm.ClassRealm.loadClass(ClassRealm.java:247)
	at org.codehaus.plexus.classworlds.realm.ClassRealm.loadClass(ClassRealm.java:239)
	at java.lang.Class.forName0(Native Method)
	at java.lang.Class.forName(Class.java:264)
	at com.eviware.soapui.plugins.LoaderBase.loadAutoFactories(LoaderBase.java:113)
	at com.eviware.soapui.plugins.LoaderBase.loadFactories(LoaderBase.java:80)
	at com.eviware.soapui.plugins.PluginLoader.loadPluginFactories(PluginLoader.java:141)
	at com.eviware.soapui.plugins.PluginLoader.loadPlugin(PluginLoader.java:104)
	at com.eviware.soapui.plugins.PluginLoader.loadPlugin(PluginLoader.java:54)
	at com.eviware.soapui.plugins.PluginManager.doInstallPlugin(PluginManager.java:141)
	at com.eviware.soapui.plugins.PluginManager.access$600(PluginManager.java:43)
	at com.eviware.soapui.plugins.PluginManager$LoadPluginsTask.computeSequentially(PluginManager.java:420)
	at com.eviware.soapui.plugins.PluginManager$LoadPluginsTask.compute(PluginManager.java:377)
	at com.eviware.soapui.plugins.PluginManager$LoadPluginsTask.compute(PluginManager.java:382)
	at com.eviware.soapui.plugins.PluginManager$LoadPluginsTask.compute(PluginManager.java:365)
	at java.util.concurrent.RecursiveTask.exec(RecursiveTask.java:94)
	at java.util.concurrent.ForkJoinTask.doExec(ForkJoinTask.java:289)
	at java.util.concurrent.ForkJoinPool$WorkQueue.runTask(ForkJoinPool.java:1056)
	at java.util.concurrent.ForkJoinPool.runWorker(ForkJoinPool.java:1692)
	at java.util.concurrent.ForkJoinWorkerThread.run(ForkJoinWorkerThread.java:157)
2020-06-16 03:25:48,331 ERROR [SoapUI] An error occurred [com.eviware.soapui.plugins.auto.factories.AutoImportMethodFactory], see error log for details
2020-06-16 03:25:48,332 ERROR [errorlog] java.lang.ClassNotFoundException: com.eviware.soapui.plugins.auto.factories.AutoImportMethodFactory
java.lang.ClassNotFoundException: com.eviware.soapui.plugins.auto.factories.AutoImportMethodFactory
	at org.codehaus.plexus.classworlds.strategy.SelfFirstStrategy.loadClass(SelfFirstStrategy.java:50)
	at org.codehaus.plexus.classworlds.realm.ClassRealm.unsynchronizedLoadClass(ClassRealm.java:271)
	at org.codehaus.plexus.classworlds.realm.ClassRealm.loadClass(ClassRealm.java:247)
	at org.codehaus.plexus.classworlds.realm.ClassRealm.loadClass(ClassRealm.java:239)
	at java.lang.Class.forName0(Native Method)
	at java.lang.Class.forName(Class.java:264)
	at com.eviware.soapui.plugins.LoaderBase.loadAutoFactories(LoaderBase.java:113)
	at com.eviware.soapui.plugins.LoaderBase.loadFactories(LoaderBase.java:80)
	at com.eviware.soapui.plugins.PluginLoader.loadPluginFactories(PluginLoader.java:141)
	at com.eviware.soapui.plugins.PluginLoader.loadPlugin(PluginLoader.java:104)
	at com.eviware.soapui.plugins.PluginLoader.loadPlugin(PluginLoader.java:54)
	at com.eviware.soapui.plugins.PluginManager.doInstallPlugin(PluginManager.java:141)
	at com.eviware.soapui.plugins.PluginManager.access$600(PluginManager.java:43)
	at com.eviware.soapui.plugins.PluginManager$LoadPluginsTask.computeSequentially(PluginManager.java:420)
	at com.eviware.soapui.plugins.PluginManager$LoadPluginsTask.compute(PluginManager.java:377)
	at com.eviware.soapui.plugins.PluginManager$LoadPluginsTask.compute(PluginManager.java:382)
	at com.eviware.soapui.plugins.PluginManager$LoadPluginsTask.compute(PluginManager.java:365)
	at java.util.concurrent.RecursiveTask.exec(RecursiveTask.java:94)
	at java.util.concurrent.ForkJoinTask.doExec(ForkJoinTask.java:289)
	at java.util.concurrent.ForkJoinPool$WorkQueue.runTask(ForkJoinPool.java:1056)
	at java.util.concurrent.ForkJoinPool.runWorker(ForkJoinPool.java:1692)
	at java.util.concurrent.ForkJoinWorkerThread.run(ForkJoinWorkerThread.java:157)
2020-06-16 03:25:48,412 INFO  [PluginManager] 5 plugins loaded in 3892 ms
2020-06-16 03:25:48,413 INFO  [DefaultSoapUICore] All plugins loaded
2020-06-16 03:25:50,573 INFO  [WsdlProject] Loaded project from [file:/C:/Users/SamirVashista/Desktop/Project/REST_Project/REST-Project-soapui-project.xml]
2020-06-16 03:25:50,590 INFO  [SoapUITestCaseRunner] Running SoapUI tests in project [REST Project]
2020-06-16 03:25:50,593 INFO  [SoapUITestCaseRunner] Running Project [REST Project], runType = SEQUENTIAL
2020-06-16 03:25:51,077 INFO  [log]      !!!!!..........The Project Starts From Here..........!!!!!     
2020-06-16 03:25:51,099 INFO  [SoapUITestCaseRunner] Running SoapUI testcase [TC01]
2020-06-16 03:25:51,105 INFO  [SoapUITestCaseRunner] running step [Get Token]
2020-06-16 03:25:52,786 INFO  [log] Bearer 0b77980e2e04f5db55b22c22c8b8db584c756b8d
2020-06-16 03:25:52,843 INFO  [SoapUITestCaseRunner] Assertion [Script Assertion] has status VALID
2020-06-16 03:25:52,995 INFO  [SoapUITestCaseRunner] Finished running SoapUI testcase [TC01], time taken: 1108ms, status: FINISHED
2020-06-16 03:25:52,996 INFO  [SoapUITestCaseRunner] Running SoapUI testcase [TC02]
2020-06-16 03:25:52,997 INFO  [SoapUITestCaseRunner] running step [Get Token]
2020-06-16 03:25:53,758 INFO  [log] Bearer 86ca38c5848c7398eae36a26ca1d7acca08ff118
2020-06-16 03:25:53,849 INFO  [SoapUITestCaseRunner] Assertion [Script Assertion] has status VALID
2020-06-16 03:25:53,849 INFO  [SoapUITestCaseRunner] Assertion [JsonPath Existence Match] has status VALID
2020-06-16 03:25:53,852 INFO  [SoapUITestCaseRunner] running step [Log In]
2020-06-16 03:25:54,350 INFO  [log] [HTTP/1.1 200 OK]
2020-06-16 03:25:54,358 INFO  [SoapUITestCaseRunner] Assertion [Contains] has status VALID
2020-06-16 03:25:54,359 INFO  [SoapUITestCaseRunner] Assertion [Script Assertion] has status VALID
2020-06-16 03:25:54,362 INFO  [SoapUITestCaseRunner] Assertion [Invalid HTTP Status Codes] has status VALID
2020-06-16 03:25:54,367 INFO  [SoapUITestCaseRunner] Assertion [JsonPath Match] has status VALID
2020-06-16 03:25:54,369 INFO  [SoapUITestCaseRunner] running step [Log Out]
2020-06-16 03:25:54,742 INFO  [SoapUITestCaseRunner] Assertion [Valid HTTP Status Codes] has status VALID
2020-06-16 03:25:54,945 INFO  [SoapUITestCaseRunner] Finished running SoapUI testcase [TC02], time taken: 1243ms, status: FINISHED
2020-06-16 03:25:54,946 INFO  [SoapUITestCaseRunner] Running SoapUI testcase [TC18]
2020-06-16 03:25:54,947 INFO  [SoapUITestCaseRunner] running step [Get Token]
2020-06-16 03:25:55,618 INFO  [log] Bearer f96c0d277ee5cde5c7c6cd3d41804edf782627d3
2020-06-16 03:25:55,620 INFO  [SoapUITestCaseRunner] Assertion [Script Assertion] has status VALID
2020-06-16 03:25:55,624 INFO  [SoapUITestCaseRunner] running step [Log In]
2020-06-16 03:25:56,044 INFO  [SoapUITestCaseRunner] Assertion [Contains] has status VALID
2020-06-16 03:25:56,046 INFO  [SoapUITestCaseRunner] running step [Properties]
2020-06-16 03:25:56,064 INFO  [SoapUITestCaseRunner] running step [Property Transfer]
2020-06-16 03:25:56,150 INFO  [SoapUITestCaseRunner] running step [Add Product]
2020-06-16 03:25:56,721 INFO  [log] [HTTP/1.1 200 OK]
2020-06-16 03:25:56,723 INFO  [SoapUITestCaseRunner] Assertion [Script Assertion] has status VALID
2020-06-16 03:25:56,727 INFO  [SoapUITestCaseRunner] running step [Product ID]
2020-06-16 03:26:00,359 INFO  [log] 
2020-06-16 03:26:00,360 INFO  [SoapUITestCaseRunner] Assertion [Script Assertion] has status VALID
2020-06-16 03:26:00,503 INFO  [SoapUITestCaseRunner] Finished running SoapUI testcase [TC18], time taken: 4327ms, status: FINISHED
2020-06-16 03:26:00,504 INFO  [SoapUITestCaseRunner] Running SoapUI testcase [TC19]
2020-06-16 03:26:00,505 INFO  [SoapUITestCaseRunner] running step [Get Token]
2020-06-16 03:26:00,975 INFO  [log] Bearer 4756696d0049163432ab905584b0ff4a3c076d0c
2020-06-16 03:26:00,976 INFO  [SoapUITestCaseRunner] Assertion [Script Assertion] has status VALID
2020-06-16 03:26:00,979 INFO  [SoapUITestCaseRunner] running step [Log In]
2020-06-16 03:26:01,528 INFO  [SoapUITestCaseRunner] Assertion [Contains] has status VALID
2020-06-16 03:26:01,529 INFO  [SoapUITestCaseRunner] running step [Groovy Script]
2020-06-16 03:26:02,050 INFO  [log] Samir${=String.valueOf(Math.random()*1000).substring(0,5)}
2020-06-16 03:26:02,052 INFO  [log] IPhone_ 1
2020-06-16 03:26:02,057 INFO  [log] 1
2020-06-16 03:26:02,058 INFO  [log] 10000
2020-06-16 03:26:02,059 INFO  [log] IPhone  1
2020-06-16 03:26:02,060 INFO  [log] Iphone_ 1
2020-06-16 03:26:02,062 INFO  [log] Samir${=String.valueOf(Math.random()*1000).substring(0,5)}
2020-06-16 03:26:02,063 INFO  [log] IPhone_ 2
2020-06-16 03:26:02,067 INFO  [log] 2
2020-06-16 03:26:02,068 INFO  [log] 20000
2020-06-16 03:26:02,069 INFO  [log] IPhone  2
2020-06-16 03:26:02,070 INFO  [log] Iphone_ 2
2020-06-16 03:26:02,070 INFO  [log] Samir${=String.valueOf(Math.random()*1000).substring(0,5)}
2020-06-16 03:26:02,071 INFO  [log] IPhone_ 3
2020-06-16 03:26:02,074 INFO  [log] 3
2020-06-16 03:26:02,077 INFO  [log] 30000
2020-06-16 03:26:02,078 INFO  [log] IPhone  3
2020-06-16 03:26:02,079 INFO  [log] Iphone_ 3
2020-06-16 03:26:02,079 INFO  [log] Samir${=String.valueOf(Math.random()*1000).substring(0,5)}
2020-06-16 03:26:02,080 INFO  [log] IPhone_ 4
2020-06-16 03:26:02,081 INFO  [log] 4
2020-06-16 03:26:02,082 INFO  [log] 40000
2020-06-16 03:26:02,086 INFO  [log] IPhone  4
2020-06-16 03:26:02,090 INFO  [log] Iphone_ 4
2020-06-16 03:26:02,090 INFO  [log] Samir${=String.valueOf(Math.random()*1000).substring(0,5)}
2020-06-16 03:26:02,091 INFO  [log] IPhone_ 5
2020-06-16 03:26:02,092 INFO  [log] 5
2020-06-16 03:26:02,093 INFO  [log] 50000
2020-06-16 03:26:02,096 INFO  [log] IPhone  5
2020-06-16 03:26:02,099 INFO  [log] Iphone_ 5
2020-06-16 03:26:02,100 INFO  [log] Samir${=String.valueOf(Math.random()*1000).substring(0,5)}
2020-06-16 03:26:02,101 INFO  [log] IPhone_ 6
2020-06-16 03:26:02,102 INFO  [log] 1
2020-06-16 03:26:02,102 INFO  [log] 60000
2020-06-16 03:26:02,103 INFO  [log] IPhone  6
2020-06-16 03:26:02,107 INFO  [log] Iphone_ 6
2020-06-16 03:26:02,110 INFO  [log] Samir${=String.valueOf(Math.random()*1000).substring(0,5)}
2020-06-16 03:26:02,111 INFO  [log] IPhone_ 7
2020-06-16 03:26:02,112 INFO  [log] 2
2020-06-16 03:26:02,113 INFO  [log] 70000
2020-06-16 03:26:02,114 INFO  [log] IPhone  7
2020-06-16 03:26:02,117 INFO  [log] Iphone_ 7
2020-06-16 03:26:02,118 INFO  [log] Samir${=String.valueOf(Math.random()*1000).substring(0,5)}
2020-06-16 03:26:02,121 INFO  [log] IPhone_ 8
2020-06-16 03:26:02,121 INFO  [log] 3
2020-06-16 03:26:02,122 INFO  [log] 80000
2020-06-16 03:26:02,123 INFO  [log] IPhone  8
2020-06-16 03:26:02,124 INFO  [log] Iphone_ 8
2020-06-16 03:26:02,125 INFO  [log] Samir${=String.valueOf(Math.random()*1000).substring(0,5)}
2020-06-16 03:26:02,131 INFO  [log] IPhone_ 9
2020-06-16 03:26:02,132 INFO  [log] 4
2020-06-16 03:26:02,133 INFO  [log] 90000
2020-06-16 03:26:02,133 INFO  [log] IPhone  9
2020-06-16 03:26:02,134 INFO  [log] Iphone_ 9
2020-06-16 03:26:02,135 INFO  [log] Samir${=String.valueOf(Math.random()*1000).substring(0,5)}
2020-06-16 03:26:02,136 INFO  [log] IPhone_ 10
2020-06-16 03:26:02,139 INFO  [log] 5
2020-06-16 03:26:02,142 INFO  [log] 100000
2020-06-16 03:26:02,142 INFO  [log] IPhone  10
2020-06-16 03:26:02,143 INFO  [log] Iphone_ 10
2020-06-16 03:26:02,144 INFO  [SoapUITestCaseRunner] running step [Details]
2020-06-16 03:26:02,145 INFO  [SoapUITestCaseRunner] running step [Multiple Product]
2020-06-16 03:26:02,466 INFO  [log] [HTTP/1.1 200 OK]
2020-06-16 03:26:02,467 INFO  [SoapUITestCaseRunner] Assertion [Script Assertion] has status VALID
2020-06-16 03:26:02,703 INFO  [SoapUITestCaseRunner] Finished running SoapUI testcase [TC19], time taken: 1744ms, status: FINISHED
2020-06-16 03:26:02,706 INFO  [SoapUITestCaseRunner] Running SoapUI testcase [TC20]
2020-06-16 03:26:02,707 INFO  [SoapUITestCaseRunner] running step [Get Token]
2020-06-16 03:26:03,244 INFO  [log] Bearer b565c725054d6c0a8d582ecd7ebd571ae02b63e0
2020-06-16 03:26:03,246 INFO  [SoapUITestCaseRunner] Assertion [Script Assertion] has status VALID
2020-06-16 03:26:03,248 INFO  [SoapUITestCaseRunner] running step [Log In]
2020-06-16 03:26:03,705 INFO  [SoapUITestCaseRunner] Assertion [Contains] has status VALID
2020-06-16 03:26:03,706 INFO  [SoapUITestCaseRunner] running step [Get Product]
2020-06-16 03:26:06,508 INFO  [log] [HTTP/1.1 200 OK]
2020-06-16 03:26:06,508 INFO  [SoapUITestCaseRunner] Assertion [Script Assertion] has status VALID
2020-06-16 03:26:06,599 INFO  [SoapUITestCaseRunner] Finished running SoapUI testcase [TC20], time taken: 3323ms, status: FINISHED
2020-06-16 03:26:06,613 INFO  [log]      !!!!!..........The Project Ends Here..........!!!!!     
2020-06-16 03:26:06,614 INFO  [SoapUITestCaseRunner] Project [REST Project] finished with status [FINISHED] in 16013ms
2020-06-16 03:26:10,517 WARN  [Tools] Could not delete temporary directory C:\Users\SAMIRV~1\AppData\Local\Temp\c913f085-935d-4573-9be9-1b7f02d4e615
2020-06-16 03:26:10,529 WARN  [Tools] Could not delete temporary directory C:\Users\SAMIRV~1\AppData\Local\Temp\e79c8617-86b3-43ab-a827-f84800f1e112
